<!DOCTYPE html PUBLIC "-//W3C//DTD HTML 4.01 Transitional//EN" "http://www.w3.org/TR/html4/loose.dtd">
<html>
<head>
<title>Test Results Report</title>
<meta http-equiv="Content-Type" content="text/html;charset=utf-8" />
<meta name="description" content="Test results report" />
<script type="text/javascript" src="reportng.js"></script>
<script langauge="JavaScript" type="text/javascript">
function clickHandler(e) {
 trElement = e.parentNode.parentNode;
 obj = trElement.getElementsByTagName('div').item(0); 
 if (obj.style.display=="none") {
  obj.style.display="block";
 }
 else {
  obj.style.display="none";
 }
}
</script>
<style type="text/css">
* {
	padding: 0;
	margin: 0;
}

a {
	color: #006699;
}

a:visited {
	color: #003366;
}

body {
	font-family: Lucida Sans Unicode, Lucida Grande, sans-serif;
	line-height: 1.8em;
	font-size: 62.5%;
	margin: 1.8em 1em;
}

h1 {
	font-family: Arial, Helvetica, sans-serif;
	font-weight: bold;
	font-size: 2.7em;
	margin-bottom: 0.6667em;
}

h2 {
	font-family: Arial, Helvetica, sans-serif;
	font-weight: bold;
	font-size: 1.8em;
	margin-bottom: 0;
	margin-top: 2em;
}

p {
	font-size: 1.3em;
}

td {
	font-size: 1.3em;
}

.header {
	font-size: 1.4em;
	font-weight: bold;
	text-align: left;
}

.passed {
	background-color: #44aa44;
}

.skipped {
	background-color: #ffaa00;
}

.failed {
	background-color: #ff4444;
}

.failedConfig {
	background-color: #800000;
	color: #ffffff
}

.skippedConfig {
	background-color: #cc6600;
	color: #ffffff
}

.totalLabel {
	font-weight: bold;
	background-color: #ffffff;
}

.suite {
	background-color: #ccc;
	font-weight: bold;
}

.test {
	background-color: #eeeeee;
	padding-left: 2em;
}

.test .passed {
	background-color: #88ee88;
}

.test .skipped {
	background-color: #ffff77;
}

.test .failed {
	background-color: #ff8888;
}

.group {
	background-color: #cccccc;
	color: #000000;
	font-weight: bold;
}

.suiteLinks {
	float: right;
	font-weight: normal;
	vertical-align: middle;
}

.suiteLinks a {
	color: #ffffff;
	margin-left: .5em;
}

.passRate {
	font-weight: bold;
	text-align: right;
}

.duration {
	text-align: right;
}

.thread {
	white-space: nowrap;
}

.resultsTable .TMDes {
	width: 40em;
	text-align: left;
}

.resultsTable {
	border: 0;
	width: 100%;
	margin-top: 1.8em;
	line-height: 1.7em;
	border-spacing: 0.1em;
}

.resultsTable .method {
	width: 10em;
}

.resultsTable .duration {
	width: 6em;
}

.resultsTable td {
	vertical-align: top;
	padding: 0 1em;
}

.resultsTable th {
	padding: 0 .5em;
}

.number {
	text-align: right;
}

.zero {
	font-weight: normal;
}

.columnHeadings {
	font-size: 1em;
}

.columnHeadings th {
	font-weight: normal;
}

.configTable {
	border: 1px solid #800000;
	color: #800000;
	margin-bottom: 1.5em;
}

#sidebarHeader {
	padding: 1.8em 1em;
	margin: 0 -1em 1.8em -1em;
}

#suites {
	line-height: 1.7em;
	border-spacing: 0.1em;
	width: 100%;
}

.tests {
	display: table-row-group;
}

.header.suite {
	cursor: pointer;
	clear: right;
	height: 1.214em;
	margin-top: 1px;
}

div.test {
	margin-top: 0.1em;
	clear: right;
	font-size: 1.3em;
}

/* The +/- toggle used in the navigation frame. */
.toggle {
	font-family: monospace;
	font-weight: bold;
	padding-left: 2px;
	padding-right: 5px;
	color: #777777;
}

.successIndicator {
	float: right;
	font-family: monospace;
	font-weight: bold;
	padding-right: 2px;
	color: #44aa44;
}

.skipIndicator {
	float: right;
	font-family: monospace;
	font-weight: bold;
	padding-right: 2px;
	color: #ffaa00;
}

.failureIndicator {
	float: right;
	font-family: monospace;
	font-weight: bold;
	padding-right: 2px;
	color: #ff4444;
}

/* These classes are for information about an individual test result. */
.result {
	font-size: 1.1em;
	vertical-align: middle;
}

.dependency {
	font-family: Lucida Console, Monaco, Courier New, monospace;
	font-weight: bold;
}

.arguments {
	font-family: Lucida Console, Monaco, Courier New, monospace;
	font-weight: bold;
}

.testOutput {
	font-family: Lucida Console, Monaco, Courier New, monospace;
	color: #666666;
}

.stackTrace {
	font-size: 0.9em;
	line-height: 1.2em;
	margin-left: 2em;
	display: none;
}

.stackTrace .stackTrace {
	font-size: inherit;
}

.description {
	border-bottom: 1px dotted #006699;
}

#meta {
	font-size: 1em;
	text-align: right;
	float: right;
}

#systemInfo {
	color: #666666;
}

/* Reporter log output (individual test ouput is style by "testOutput" above). */
#log {
	font-family: Lucida Console, Monaco, Courier New, monospace;
	font-size: 1.3em;
	margin-top: 1.8em;
}

.overviewTable {
	width: 100%;
	margin-top: 1.8em;
	line-height: 1.7em;
	border-spacing: 0.1em;
}

.overviewTable td {
	padding: 0 1em;
}

.overviewTable th {
	padding: 0 .5em;
}

.overviewTable .duration {
	width: 6em;
}

.overviewTable .passRate {
	width: 6em;
}

.overviewTable .number {
	width: 5em;
}

.overviewTable tr {
	height: 1.6em;
}
</style>
</head>
<body>

<script language="javascript" type="text/javascript">
function toggle(elementID){
var target1 = document.getElementById(elementID)
if (target1.style.display == 'none') {
target1.style.display = 'block'
} else {
target1.style.display = 'none'
}
}
</script>


	<div id="meta">
		Generated by <a href="http://www.testng.org" target="_top">TestNG</a> with <a href="http://reportng.dev.java.net" target="_top">ReportNG</a>
  		at 15:30 ICT on Friday 10 April 2015
  		<br /><span id="systemInfo">minh.trinh@lgvn14663&nbsp;/&nbsp;Java 1.8.0_20 (Oracle Corporation)&nbsp;/&nbsp;Windows 7 6.1 (x86)</span>
	</div>

	<h1>Test Results Report</h1>
	<div></div>

		<table class="overviewTable">
	  	  <tr>
	    <th colspan="8" class="header suite">
	      PointClubVerification
	    </th>
	  </tr>
	  <tr class="columnHeadings">
	    <td>Test</td>
	    <th>Duration</th>
	    <th>Passed</th>
	    <th>Skipped</th>
	    <th>Failed</th>
	    <th>Pass Rate</th>
	  </tr>
	  	
	  <tr class="test">
	    <td class="test">
	      <a href="#1">IE on Windows - ID</a>
	    </td>
	    <td class="duration">
	      86.167s
	    </td>
	
	    	    <td class="zero number">0</td>
	    	
	    	    <td class="zero number">0</td>
	    	
	    	    <td class="failed number">1</td>
	    	
	    <td class="passRate">
	      	      0%
	      	    </td>
	    
	    <td></td>
			
		<td></td>
	  </tr>
	  	
	  <tr class="test">
	    <td class="test">
	      <a href="#2">IE on Windows - UK</a>
	    </td>
	    <td class="duration">
	      159.359s
	    </td>
	
	    	    <td class="passed number">1</td>
	    	
	    	    <td class="zero number">0</td>
	    	
	    	    <td class="zero number">0</td>
	    	
	    <td class="passRate">
	      	      100%
	      	    </td>
	    
	    <td></td>
			
		<td></td>
	  </tr>
	  	
	  <tr class="test">
	    <td class="test">
	      <a href="#3">IE on Windows - SG</a>
	    </td>
	    <td class="duration">
	      142.304s
	    </td>
	
	    	    <td class="zero number">0</td>
	    	
	    	    <td class="zero number">0</td>
	    	
	    	    <td class="failed number">1</td>
	    	
	    <td class="passRate">
	      	      0%
	      	    </td>
	    
	    <td></td>
			
		<td></td>
	  </tr>
	  	
	  <tr class="suite">
	    <td class="totalLabel">Total</td>
	    
	    <td class="duration"></td>
	
	    	    <td class="passed number">1</td>
	    	
	    	    <td class="zero number">0</td>
	    	
	    	    <td class="failed number">2</td>
	    	
	    <td class="passRate suite">
	      	      33%
	      	    </td>
	    
	   	<td></td>
			
		<td></td>
	
	  </tr>
	</table>
	

	<a id="{#$velocityCount}"></a>
<h2>IE on Windows - ID</h2>
<p>
  Test duration: 86.167s
</p>
<script type="text/javascript" src="reportng.js"></script>


  <table class="resultsTable">
    <tr><th colspan="4" class="header failed">Failed Tests</th></tr>
          <tr>
        <td colspan="4" class="group">rakuten.PointClubVerification</td>
      </tr>
            
<tr>

  <td class="method">
    <a href="javascript:void(0)" onclick="clickHandler(this);" title="Click to expand/collapse">
                  <span class="description" title="Open My Account">TC_Point_Club_Verification</span>
         </a>
  </td>
  
  <td class="TMDes">Open My Account</td>

  <td class="duration">
    84.921s
  </td>
  <td class="result">
        
          <i>Method arguments: </i><span class="arguments">"http://www.rakuten.co.id", "test.rakuten26@gmail.com", "rakuten01"</span><br />
            


        <a href="javascript:toggleElement('exception-0', 'block')" title="Click to expand/collapse"><b>org.openqa.selenium.NoSuchElementException: Unable to find element with id == username (WARNING: The server did not provide any stacktrace information)<br/>
Command duration or timeout: 1.86 seconds<br/>
For documentation on this error, please visit: http://seleniumhq.org/exceptions/no_such_element.html<br/>
Build info: version: &apos;2.45.0&apos;, revision: &apos;32a636c&apos;, time: &apos;2015-03-05 22:01:35&apos;<br/>
System info: host: &apos;lgvn14663&apos;, ip: &apos;192.168.171.42&apos;, os.name: &apos;Windows 7&apos;, os.arch: &apos;x86&apos;, os.version: &apos;6.1&apos;, java.version: &apos;1.8.0_20&apos;<br/>
Driver info: org.openqa.selenium.ie.InternetExplorerDriver<br/>
Capabilities [{nativeEvents=true, browserName=internet explorer, takesScreenshot=true, javascriptEnabled=true, handlesAlerts=true, version=11, cssSelectorsEnabled=true, platform=WINDOWS}]<br/>
Session ID: 093b058a-33bc-43bd-96af-461f4e593f4c<br/>
*** Element info: {Using=id, value=username}</b></a><br />
    <div class="stackTrace" id="exception-0">
              sun.reflect.GeneratedConstructorAccessor14.newInstance(Unknown Source)<br />
              sun.reflect.DelegatingConstructorAccessorImpl.newInstance(Unknown Source)<br />
              java.lang.reflect.Constructor.newInstance(Unknown Source)<br />
              org.openqa.selenium.remote.ErrorHandler.createThrowable(ErrorHandler.java:204)<br />
              org.openqa.selenium.remote.ErrorHandler.throwIfResponseFailed(ErrorHandler.java:156)<br />
              org.openqa.selenium.remote.RemoteWebDriver.execute(RemoteWebDriver.java:599)<br />
              org.openqa.selenium.remote.RemoteWebDriver.findElement(RemoteWebDriver.java:352)<br />
              org.openqa.selenium.remote.RemoteWebDriver.findElementById(RemoteWebDriver.java:393)<br />
              org.openqa.selenium.By$ById.findElement(By.java:214)<br />
              org.openqa.selenium.remote.RemoteWebDriver.findElement(RemoteWebDriver.java:344)<br />
              com.logigear.selenium.QTiumAutomation.enter(QTiumAutomation.java:137)<br />
              com.logigear.selenium.QTiumAutomation.enter(QTiumAutomation.java:132)<br />
              rakuten.LoginPageAction.Login(LoginPageAction.java:13)<br />
              rakuten.PointClubVerification.TC_Point_Club_Verification(PointClubVerification.java:43)<br />
              sun.reflect.NativeMethodAccessorImpl.invoke0(Native Method)<br />
              sun.reflect.NativeMethodAccessorImpl.invoke(Unknown Source)<br />
              sun.reflect.DelegatingMethodAccessorImpl.invoke(Unknown Source)<br />
              java.lang.reflect.Method.invoke(Unknown Source)<br />
              org.testng.internal.MethodInvocationHelper.invokeMethod(MethodInvocationHelper.java:84)<br />
              org.testng.internal.Invoker.invokeMethod(Invoker.java:714)<br />
              org.testng.internal.Invoker.invokeTestMethod(Invoker.java:901)<br />
              org.testng.internal.Invoker.invokeTestMethods(Invoker.java:1231)<br />
              org.testng.internal.TestMethodWorker.invokeTestMethods(TestMethodWorker.java:127)<br />
              org.testng.internal.TestMethodWorker.run(TestMethodWorker.java:111)<br />
              org.testng.TestRunner.privateRun(TestRunner.java:767)<br />
              org.testng.TestRunner.run(TestRunner.java:617)<br />
              org.testng.SuiteRunner.runTest(SuiteRunner.java:334)<br />
              org.testng.SuiteRunner.runSequentially(SuiteRunner.java:329)<br />
              org.testng.SuiteRunner.privateRun(SuiteRunner.java:291)<br />
              org.testng.SuiteRunner.run(SuiteRunner.java:240)<br />
              org.testng.SuiteRunnerWorker.runSuite(SuiteRunnerWorker.java:52)<br />
              org.testng.SuiteRunnerWorker.run(SuiteRunnerWorker.java:86)<br />
              org.testng.TestNG.runSuitesSequentially(TestNG.java:1224)<br />
              org.testng.TestNG.runSuitesLocally(TestNG.java:1149)<br />
              org.testng.TestNG.run(TestNG.java:1057)<br />
              org.testng.remote.RemoteTestNG.run(RemoteTestNG.java:111)<br />
              org.testng.remote.RemoteTestNG.initAndRun(RemoteTestNG.java:204)<br />
              org.testng.remote.RemoteTestNG.main(RemoteTestNG.java:175)<br />
                </div>
      </td>
</tr>
      </table>


<a id="{#$velocityCount}"></a>
<h2>IE on Windows - UK</h2>
<p>
  Test duration: 159.359s
</p>
<script type="text/javascript" src="reportng.js"></script>




  <table class="resultsTable">
    <tr><th colspan="4" class="header passed">Passed Tests</th></tr>
          <tr>
        <td colspan="4" class="group">rakuten.PointClubVerification</td>
      </tr>
            
<tr>

  <td class="method">
    <a href="javascript:void(0)" onclick="clickHandler(this);" title="Click to expand/collapse">
                  <span class="description" title="Open My Account">TC_Point_Club_Verification</span>
         </a>
  </td>
  
  <td class="TMDes">Open My Account</td>

  <td class="duration">
    158.198s
  </td>
  <td class="result">
        
          <i>Method arguments: </i><span class="arguments">"http://www.rakuten.co.uk", "test.rakuten.uk@gmail.com", "rakuten01"</span><br />
            


      </td>
</tr>
      </table>
<a id="{#$velocityCount}"></a>
<h2>IE on Windows - SG</h2>
<p>
  Test duration: 142.304s
</p>
<script type="text/javascript" src="reportng.js"></script>


  <table class="resultsTable">
    <tr><th colspan="4" class="header failed">Failed Tests</th></tr>
          <tr>
        <td colspan="4" class="group">rakuten.PointClubVerification</td>
      </tr>
            
<tr>

  <td class="method">
    <a href="javascript:void(0)" onclick="clickHandler(this);" title="Click to expand/collapse">
                  <span class="description" title="Open My Account">TC_Point_Club_Verification</span>
         </a>
  </td>
  
  <td class="TMDes">Open My Account</td>

  <td class="duration">
    141.036s
  </td>
  <td class="result">
        
          <i>Method arguments: </i><span class="arguments">"http://www.rakuten.com.sg", "test.rakuten.sg@gmail.com", "rakuten01"</span><br />
            


        <a href="javascript:toggleElement('exception-0', 'block')" title="Click to expand/collapse"><b>java.lang.Throwable: Mulitple failures (4):<br/>
Failure 1 of 4<br/>
java.lang.AssertionError: expected [true] but found [false]<br/>
	at org.testng.Assert.fail(Assert.java:94)<br/>
	at org.testng.Assert.failNotEquals(Assert.java:494)<br/>
	at org.testng.Assert.assertTrue(Assert.java:42)<br/>
	at org.testng.Assert.assertTrue(Assert.java:52)<br/>
	at com.logigear.selenium.QTiumAssert.verifyTrue(QTiumAssert.java:13)<br/>
	at com.logigear.selenium.QTiumAssert.verifyTrue(QTiumAssert.java:26)<br/>
	at rakuten.PointClubAction.VerifyPageUI(PointClubAction.java:17)<br/>
	at rakuten.PointClubVerification.TC_Point_Club_Verification(PointClubVerification.java:46)<br/>
	at sun.reflect.NativeMethodAccessorImpl.invoke0(Native Method)<br/>
	at sun.reflect.NativeMethodAccessorImpl.invoke(Unknown Source)<br/>
	at sun.reflect.DelegatingMethodAccessorImpl.invoke(Unknown Source)<br/>
	at java.lang.reflect.Method.invoke(Unknown Source)<br/>
	at org.testng.internal.MethodInvocationHelper.invokeMethod(MethodInvocationHelper.java:84)<br/>
	at org.testng.internal.Invoker.invokeMethod(Invoker.java:714)<br/>
	at org.testng.internal.Invoker.invokeTestMethod(Invoker.java:901)<br/>
	at org.testng.internal.Invoker.invokeTestMethods(Invoker.java:1231)<br/>
	at org.testng.internal.TestMethodWorker.invokeTestMethods(TestMethodWorker.java:127)<br/>
	at org.testng.internal.TestMethodWorker.run(TestMethodWorker.java:111)<br/>
	at org.testng.TestRunner.privateRun(TestRunner.java:767)<br/>
	at org.testng.TestRunner.run(TestRunner.java:617)<br/>
	at org.testng.SuiteRunner.runTest(SuiteRunner.java:334)<br/>
	at org.testng.SuiteRunner.runSequentially(SuiteRunner.java:329)<br/>
	at org.testng.SuiteRunner.privateRun(SuiteRunner.java:291)<br/>
	at org.testng.SuiteRunner.run(SuiteRunner.java:240)<br/>
	at org.testng.SuiteRunnerWorker.runSuite(SuiteRunnerWorker.java:52)<br/>
	at org.testng.SuiteRunnerWorker.run(SuiteRunnerWorker.java:86)<br/>
	at org.testng.TestNG.runSuitesSequentially(TestNG.java:1224)<br/>
	at org.testng.TestNG.runSuitesLocally(TestNG.java:1149)<br/>
	at org.testng.TestNG.run(TestNG.java:1057)<br/>
	at org.testng.remote.RemoteTestNG.run(RemoteTestNG.java:111)<br/>
	at org.testng.remote.RemoteTestNG.initAndRun(RemoteTestNG.java:204)<br/>
	at org.testng.remote.RemoteTestNG.main(RemoteTestNG.java:175)<br/>
<br/>
Failure 2 of 4<br/>
java.lang.AssertionError: expected [true] but found [false]<br/>
	at org.testng.Assert.fail(Assert.java:94)<br/>
	at org.testng.Assert.failNotEquals(Assert.java:494)<br/>
	at org.testng.Assert.assertTrue(Assert.java:42)<br/>
	at org.testng.Assert.assertTrue(Assert.java:52)<br/>
	at com.logigear.selenium.QTiumAssert.verifyTrue(QTiumAssert.java:13)<br/>
	at com.logigear.selenium.QTiumAssert.verifyTrue(QTiumAssert.java:26)<br/>
	at rakuten.PointClubAction.VerifyPageUI(PointClubAction.java:18)<br/>
	at rakuten.PointClubVerification.TC_Point_Club_Verification(PointClubVerification.java:46)<br/>
	at sun.reflect.NativeMethodAccessorImpl.invoke0(Native Method)<br/>
	at sun.reflect.NativeMethodAccessorImpl.invoke(Unknown Source)<br/>
	at sun.reflect.DelegatingMethodAccessorImpl.invoke(Unknown Source)<br/>
	at java.lang.reflect.Method.invoke(Unknown Source)<br/>
	at org.testng.internal.MethodInvocationHelper.invokeMethod(MethodInvocationHelper.java:84)<br/>
	at org.testng.internal.Invoker.invokeMethod(Invoker.java:714)<br/>
	at org.testng.internal.Invoker.invokeTestMethod(Invoker.java:901)<br/>
	at org.testng.internal.Invoker.invokeTestMethods(Invoker.java:1231)<br/>
	at org.testng.internal.TestMethodWorker.invokeTestMethods(TestMethodWorker.java:127)<br/>
	at org.testng.internal.TestMethodWorker.run(TestMethodWorker.java:111)<br/>
	at org.testng.TestRunner.privateRun(TestRunner.java:767)<br/>
	at org.testng.TestRunner.run(TestRunner.java:617)<br/>
	at org.testng.SuiteRunner.runTest(SuiteRunner.java:334)<br/>
	at org.testng.SuiteRunner.runSequentially(SuiteRunner.java:329)<br/>
	at org.testng.SuiteRunner.privateRun(SuiteRunner.java:291)<br/>
	at org.testng.SuiteRunner.run(SuiteRunner.java:240)<br/>
	at org.testng.SuiteRunnerWorker.runSuite(SuiteRunnerWorker.java:52)<br/>
	at org.testng.SuiteRunnerWorker.run(SuiteRunnerWorker.java:86)<br/>
	at org.testng.TestNG.runSuitesSequentially(TestNG.java:1224)<br/>
	at org.testng.TestNG.runSuitesLocally(TestNG.java:1149)<br/>
	at org.testng.TestNG.run(TestNG.java:1057)<br/>
	at org.testng.remote.RemoteTestNG.run(RemoteTestNG.java:111)<br/>
	at org.testng.remote.RemoteTestNG.initAndRun(RemoteTestNG.java:204)<br/>
	at org.testng.remote.RemoteTestNG.main(RemoteTestNG.java:175)<br/>
<br/>
Failure 3 of 4<br/>
java.lang.AssertionError: expected [true] but found [false]<br/>
	at org.testng.Assert.fail(Assert.java:94)<br/>
	at org.testng.Assert.failNotEquals(Assert.java:494)<br/>
	at org.testng.Assert.assertTrue(Assert.java:42)<br/>
	at org.testng.Assert.assertTrue(Assert.java:52)<br/>
	at com.logigear.selenium.QTiumAssert.verifyTrue(QTiumAssert.java:13)<br/>
	at com.logigear.selenium.QTiumAssert.verifyTrue(QTiumAssert.java:26)<br/>
	at rakuten.PointClubAction.VerifyPageUI(PointClubAction.java:19)<br/>
	at rakuten.PointClubVerification.TC_Point_Club_Verification(PointClubVerification.java:46)<br/>
	at sun.reflect.NativeMethodAccessorImpl.invoke0(Native Method)<br/>
	at sun.reflect.NativeMethodAccessorImpl.invoke(Unknown Source)<br/>
	at sun.reflect.DelegatingMethodAccessorImpl.invoke(Unknown Source)<br/>
	at java.lang.reflect.Method.invoke(Unknown Source)<br/>
	at org.testng.internal.MethodInvocationHelper.invokeMethod(MethodInvocationHelper.java:84)<br/>
	at org.testng.internal.Invoker.invokeMethod(Invoker.java:714)<br/>
	at org.testng.internal.Invoker.invokeTestMethod(Invoker.java:901)<br/>
	at org.testng.internal.Invoker.invokeTestMethods(Invoker.java:1231)<br/>
	at org.testng.internal.TestMethodWorker.invokeTestMethods(TestMethodWorker.java:127)<br/>
	at org.testng.internal.TestMethodWorker.run(TestMethodWorker.java:111)<br/>
	at org.testng.TestRunner.privateRun(TestRunner.java:767)<br/>
	at org.testng.TestRunner.run(TestRunner.java:617)<br/>
	at org.testng.SuiteRunner.runTest(SuiteRunner.java:334)<br/>
	at org.testng.SuiteRunner.runSequentially(SuiteRunner.java:329)<br/>
	at org.testng.SuiteRunner.privateRun(SuiteRunner.java:291)<br/>
	at org.testng.SuiteRunner.run(SuiteRunner.java:240)<br/>
	at org.testng.SuiteRunnerWorker.runSuite(SuiteRunnerWorker.java:52)<br/>
	at org.testng.SuiteRunnerWorker.run(SuiteRunnerWorker.java:86)<br/>
	at org.testng.TestNG.runSuitesSequentially(TestNG.java:1224)<br/>
	at org.testng.TestNG.runSuitesLocally(TestNG.java:1149)<br/>
	at org.testng.TestNG.run(TestNG.java:1057)<br/>
	at org.testng.remote.RemoteTestNG.run(RemoteTestNG.java:111)<br/>
	at org.testng.remote.RemoteTestNG.initAndRun(RemoteTestNG.java:204)<br/>
	at org.testng.remote.RemoteTestNG.main(RemoteTestNG.java:175)<br/>
<br/>
Failure 4 of 4<br/>
org.openqa.selenium.NoSuchElementException: Unable to find element with xpath == //h1[@class=&apos;b-ttl-1&apos;] (WARNING: The server did not provide any stacktrace information)<br/>
Command duration or timeout: 284 milliseconds<br/>
For documentation on this error, please visit: http://seleniumhq.org/exceptions/no_such_element.html<br/>
Build info: version: &apos;2.45.0&apos;, revision: &apos;32a636c&apos;, time: &apos;2015-03-05 22:01:35&apos;<br/>
System info: host: &apos;lgvn14663&apos;, ip: &apos;192.168.171.42&apos;, os.name: &apos;Windows 7&apos;, os.arch: &apos;x86&apos;, os.version: &apos;6.1&apos;, java.version: &apos;1.8.0_20&apos;<br/>
Driver info: org.openqa.selenium.ie.InternetExplorerDriver<br/>
Capabilities [{nativeEvents=true, browserName=internet explorer, takesScreenshot=true, javascriptEnabled=true, handlesAlerts=true, version=11, cssSelectorsEnabled=true, platform=WINDOWS}]<br/>
Session ID: 3e591aa6-6efe-4525-8a4d-5da9dd774aa9<br/>
*** Element info: {Using=xpath, value=//h1[@class=&apos;b-ttl-1&apos;]}</b></a><br />
    <div class="stackTrace" id="exception-0">
              sun.reflect.GeneratedConstructorAccessor15.newInstance(Unknown Source)<br />
              sun.reflect.DelegatingConstructorAccessorImpl.newInstance(Unknown Source)<br />
              java.lang.reflect.Constructor.newInstance(Unknown Source)<br />
              org.openqa.selenium.remote.ErrorHandler.createThrowable(ErrorHandler.java:204)<br />
              org.openqa.selenium.remote.ErrorHandler.throwIfResponseFailed(ErrorHandler.java:156)<br />
              org.openqa.selenium.remote.RemoteWebDriver.execute(RemoteWebDriver.java:599)<br />
              org.openqa.selenium.remote.RemoteWebDriver.findElement(RemoteWebDriver.java:352)<br />
              org.openqa.selenium.remote.RemoteWebDriver.findElementByXPath(RemoteWebDriver.java:449)<br />
              org.openqa.selenium.By$ByXPath.findElement(By.java:357)<br />
              org.openqa.selenium.remote.RemoteWebDriver.findElement(RemoteWebDriver.java:344)<br />
              com.logigear.selenium.QTiumAutomation.findElement(QTiumAutomation.java:240)<br />
              com.logigear.selenium.QTiumAutomation.getText(QTiumAutomation.java:314)<br />
              com.logigear.selenium.QTiumAutomation.getText(QTiumAutomation.java:310)<br />
              rakuten.PointClubAction.VerifyLanguage(PointClubAction.java:27)<br />
              rakuten.PointClubVerification.TC_Point_Club_Verification(PointClubVerification.java:47)<br />
              sun.reflect.NativeMethodAccessorImpl.invoke0(Native Method)<br />
              sun.reflect.NativeMethodAccessorImpl.invoke(Unknown Source)<br />
              sun.reflect.DelegatingMethodAccessorImpl.invoke(Unknown Source)<br />
              java.lang.reflect.Method.invoke(Unknown Source)<br />
              org.testng.internal.MethodInvocationHelper.invokeMethod(MethodInvocationHelper.java:84)<br />
              org.testng.internal.Invoker.invokeMethod(Invoker.java:714)<br />
              org.testng.internal.Invoker.invokeTestMethod(Invoker.java:901)<br />
              org.testng.internal.Invoker.invokeTestMethods(Invoker.java:1231)<br />
              org.testng.internal.TestMethodWorker.invokeTestMethods(TestMethodWorker.java:127)<br />
              org.testng.internal.TestMethodWorker.run(TestMethodWorker.java:111)<br />
              org.testng.TestRunner.privateRun(TestRunner.java:767)<br />
              org.testng.TestRunner.run(TestRunner.java:617)<br />
              org.testng.SuiteRunner.runTest(SuiteRunner.java:334)<br />
              org.testng.SuiteRunner.runSequentially(SuiteRunner.java:329)<br />
              org.testng.SuiteRunner.privateRun(SuiteRunner.java:291)<br />
              org.testng.SuiteRunner.run(SuiteRunner.java:240)<br />
              org.testng.SuiteRunnerWorker.runSuite(SuiteRunnerWorker.java:52)<br />
              org.testng.SuiteRunnerWorker.run(SuiteRunnerWorker.java:86)<br />
              org.testng.TestNG.runSuitesSequentially(TestNG.java:1224)<br />
              org.testng.TestNG.runSuitesLocally(TestNG.java:1149)<br />
              org.testng.TestNG.run(TestNG.java:1057)<br />
              org.testng.remote.RemoteTestNG.run(RemoteTestNG.java:111)<br />
              org.testng.remote.RemoteTestNG.initAndRun(RemoteTestNG.java:204)<br />
              org.testng.remote.RemoteTestNG.main(RemoteTestNG.java:175)<br />
                </div>
      </td>
</tr>
      </table>




	<!-- @author: vu.anh.nguyen@logigear.com 13 Oct, 2011 -->
	<!-- @author: truong.pham@logigear.com 26 Step, 2013 -->	
	
</body>
</html>